<?xml version="1.0" encoding="UTF-8"?>
<!-- Generated by org.testng.reporters.JUnitReportReporter -->
<testsuite skipped="0" hostname="CBT-MH-000" name="PHPAUTOMATION.PHPTravelAutomation.Test4" tests="1" failures="0" timestamp="12 Oct 2019 09:49:57 GMT" time="33.543" errors="0">
  <testcase name="test1" time="33.543" classname="PHPAUTOMATION.PHPTravelAutomation.Test4"/>
</testsuite> <!-- PHPAUTOMATION.PHPTravelAutomation.Test4 -->
