<?xml version="1.0" encoding="UTF-8"?>
<!-- Generated by org.testng.reporters.JUnitReportReporter -->
<testsuite skipped="0" hostname="CBT-MH-000" name="PHPAUTOMATION.PHPTravelAutomation.Test1" tests="1" failures="0" timestamp="11 Oct 2019 08:38:07 GMT" time="19.476" errors="0">
  <testcase name="test1" time="19.476" classname="PHPAUTOMATION.PHPTravelAutomation.Test1"/>
</testsuite> <!-- PHPAUTOMATION.PHPTravelAutomation.Test1 -->
