<?xml version="1.0" encoding="UTF-8"?>
<!-- Generated by org.testng.reporters.JUnitReportReporter -->
<testsuite skipped="0" hostname="CBT-MH-000" name="PHPAUTOMATION.PHPTravelAutomation.Test5" tests="1" failures="0" timestamp="12 Oct 2019 09:51:10 GMT" time="24.785" errors="0">
  <testcase name="test5" time="24.785" classname="PHPAUTOMATION.PHPTravelAutomation.Test5"/>
</testsuite> <!-- PHPAUTOMATION.PHPTravelAutomation.Test5 -->
