<?xml version="1.0" encoding="UTF-8"?>
<!-- Generated by org.testng.reporters.JUnitReportReporter -->
<testsuite skipped="0" hostname="CBT-MH-000" name="PHPAUTOMATION.PHPTravelAutomation.Test2" tests="1" failures="0" timestamp="12 Oct 2019 03:30:11 GMT" time="19.090" errors="0">
  <testcase name="test1" time="19.090" classname="PHPAUTOMATION.PHPTravelAutomation.Test2"/>
</testsuite> <!-- PHPAUTOMATION.PHPTravelAutomation.Test2 -->
