<?xml version="1.0" encoding="UTF-8"?>
<!-- Generated by org.testng.reporters.JUnitReportReporter -->
<testsuite skipped="0" hostname="CBT-MH-000" name="PHPAUTOMATION.PHPTravelAutomation.Test3" tests="1" failures="0" timestamp="12 Oct 2019 03:31:49 GMT" time="24.401" errors="0">
  <testcase name="test1" time="24.401" classname="PHPAUTOMATION.PHPTravelAutomation.Test3"/>
</testsuite> <!-- PHPAUTOMATION.PHPTravelAutomation.Test3 -->
