<?xml version="1.0" encoding="UTF-8"?>
<!-- Generated by org.testng.reporters.JUnitReportReporter -->
<testsuite skipped="0" hostname="CBT-MH-000" name="PHPAUTOMATION.PHPTravelAutomation.Test3" tests="1" failures="0" timestamp="11 Oct 2019 11:19:19 GMT" time="24.674" errors="0">
  <testcase name="test1" time="24.674" classname="PHPAUTOMATION.PHPTravelAutomation.Test3"/>
</testsuite> <!-- PHPAUTOMATION.PHPTravelAutomation.Test3 -->
